[2025-03-01T20:45:03.543+0000] {taskinstance.py:1125} INFO - Dependencies all met for dep_context=non-requeueable deps ti=<TaskInstance: api_to_db_dag.save_station_information scheduled__2025-03-01T20:30:00+00:00 [queued]>
[2025-03-01T20:45:03.550+0000] {taskinstance.py:1125} INFO - Dependencies all met for dep_context=requeueable deps ti=<TaskInstance: api_to_db_dag.save_station_information scheduled__2025-03-01T20:30:00+00:00 [queued]>
[2025-03-01T20:45:03.550+0000] {taskinstance.py:1331} INFO - Starting attempt 1 of 1
[2025-03-01T20:45:03.562+0000] {taskinstance.py:1350} INFO - Executing <Task(PythonOperator): save_station_information> on 2025-03-01 20:30:00+00:00
[2025-03-01T20:45:03.565+0000] {standard_task_runner.py:57} INFO - Started process 1779 to run task
[2025-03-01T20:45:03.568+0000] {standard_task_runner.py:84} INFO - Running: ['***', 'tasks', 'run', 'api_to_db_dag', 'save_station_information', 'scheduled__2025-03-01T20:30:00+00:00', '--job-id', '382', '--raw', '--subdir', 'DAGS_FOLDER/dag.py', '--cfg-path', '/tmp/tmppve1mrx7']
[2025-03-01T20:45:03.570+0000] {standard_task_runner.py:85} INFO - Job 382: Subtask save_station_information
[2025-03-01T20:45:03.603+0000] {task_command.py:410} INFO - Running <TaskInstance: api_to_db_dag.save_station_information scheduled__2025-03-01T20:30:00+00:00 [running]> on host 7d0564f8eb8b
[2025-03-01T20:45:03.664+0000] {taskinstance.py:1570} INFO - Exporting env vars: AIRFLOW_CTX_DAG_OWNER='***' AIRFLOW_CTX_DAG_ID='api_to_db_dag' AIRFLOW_CTX_TASK_ID='save_station_information' AIRFLOW_CTX_EXECUTION_DATE='2025-03-01T20:30:00+00:00' AIRFLOW_CTX_TRY_NUMBER='1' AIRFLOW_CTX_DAG_RUN_ID='scheduled__2025-03-01T20:30:00+00:00'
[2025-03-01T20:45:03.665+0000] {taskinstance.py:1847} ERROR - Task failed with exception
Traceback (most recent call last):
  File "/home/airflow/.local/lib/python3.7/site-packages/airflow/operators/python.py", line 181, in execute
    return_value = self.execute_callable()
  File "/home/airflow/.local/lib/python3.7/site-packages/airflow/operators/python.py", line 198, in execute_callable
    return self.python_callable(*self.op_args, **self.op_kwargs)
TypeError: save_to_datalake() missing 1 required positional argument: 'directory_path'
[2025-03-01T20:45:03.670+0000] {taskinstance.py:1373} INFO - Marking task as FAILED. dag_id=api_to_db_dag, task_id=save_station_information, execution_date=20250301T203000, start_date=20250301T204503, end_date=20250301T204503
[2025-03-01T20:45:03.677+0000] {standard_task_runner.py:109} ERROR - Failed to execute job 382 for task save_station_information (save_to_datalake() missing 1 required positional argument: 'directory_path'; 1779)
[2025-03-01T20:45:03.708+0000] {local_task_job_runner.py:232} INFO - Task exited with return code 1
[2025-03-01T20:45:03.727+0000] {taskinstance.py:2674} INFO - 0 downstream tasks scheduled from follow-on schedule check
